<?xml version="1.0" encoding="UTF-8"?>
<!-- Generated by org.testng.reporters.JUnitReportReporter -->
<testsuite hostname="DESKTOP-E7GOV7V" failures="0" tests="1" name="generalStore.InstallGeneralStore" time="61.107" errors="0" timestamp="2025-03-12T17:11:11 IST" skipped="0">
  <testcase classname="generalStore.InstallGeneralStore" name="installApp" time="61.107"/>
</testsuite> <!-- generalStore.InstallGeneralStore -->
