<?xml version="1.0" encoding="UTF-8"?>
<!-- Generated by org.testng.reporters.JUnitReportReporter -->
<testsuite hostname="DESKTOP-E7GOV7V" failures="0" tests="1" name="apiDemos.ApiDemos" time="20.376" errors="0" timestamp="2025-03-12T16:23:56 IST" skipped="0">
  <testcase classname="apiDemos.ApiDemos" name="apiDemos" time="20.376"/>
</testsuite> <!-- apiDemos.ApiDemos -->
